<?xml version="1.0" encoding="UTF-8"?>
<!-- Generated by org.testng.reporters.JUnitReportReporter -->
<testsuite hostname="MSI" failures="0" tests="1" name="com.ebay.qa.testcases.homePageTest" time="28.745" errors="0" timestamp="2023-04-16T13:14:42 IST" skipped="0">
  <testcase classname="com.ebay.qa.testcases.homePageTest" name="owner" time="28.745"/>
  <system-out/>
</testsuite> <!-- com.ebay.qa.testcases.homePageTest -->
