<?xml version="1.0" encoding="UTF-8"?>
<!-- Generated by org.testng.reporters.JUnitReportReporter -->
<testsuite hostname="MSI" failures="0" tests="1" name="com.ebay.qa.testcases.loginePageTest" time="23.185" errors="0" timestamp="2023-04-16T14:45:10 IST" skipped="0">
  <testcase classname="com.ebay.qa.testcases.loginePageTest" name="uname" time="23.185"/>
  <system-out/>
</testsuite> <!-- com.ebay.qa.testcases.loginePageTest -->
