<?xml version="1.0" encoding="UTF-8"?>
<!-- Generated by org.testng.reporters.JUnitReportReporter -->
<testsuite hostname="MSI" failures="0" tests="1" name="com.ebay.qa.testcases.loginePageTest" time="6.727" errors="0" timestamp="2023-05-07T22:43:43 IST" skipped="0">
  <testcase classname="com.ebay.qa.testcases.loginePageTest" name="passlogo" time="6.727"/>
  <system-out/>
</testsuite> <!-- com.ebay.qa.testcases.loginePageTest -->
